
Release 14.7 SmartXplorer
Copyright(c) 1995-2010 Xilinx, Inc. All rights reserved.
"D:\Xilinx\14.7\ISE_DS\ISE\bin\nt64\smartxplorer.exe" -p xc3s50a-tq144-5 -b -wd smartxplorer_results TopLevel.ngd -to "-v 3 -s 5 -n 3 -fastpaths -xml TopLevel.twx -ucf Constraints.ucf" -host_list hostlistfile.txt -max_runs 7

SmartXplorer Settings: 

designName=E:\MKS\Lab_3_Example\TopLevel.ngd 
write_dir=E:\MKS\Lab_3_Example\smartxplorer_results 
host_list=E:\MKS\Lab_3_Example\hostlistfile.txt 
part=xc3s50a-tq144-5 
strategy_file=None 
notify=None 
source_dir=E:\MKS\Lab_3_Example 
batch_mode=True 
run_all_strategies=False 
list_all_strategies=False 
remote_command=rsh
area_report="lut;slice_reg"
power_options=off
trce_options="-v 3 -s 5 -n 3 -fastpaths -xml TopLevel.twx -ucf Constraints.ucf"
max_runs=7

Starting SmartXplorer...
See file 'smartxplorer.html' for real-time report.


Running SmartXplorer strategies...


Ctrl C detected
INFO: ...Killing all jobs

SmartXplorer Aborted.
