Command line:
   Schema_isim_beh.exe
     -simmode  gui
     -simrunnum  0
     -socket  52773

Sat Apr 08 15:12:48 2023


 Elaboration Time: 0.03125 sec

 Current Memory Usage: 5150.78 Meg

 Total Signals          : 37
 Total Nets             : 52
 Total Signal Drivers   : 31
 Total Blocks           : 8
 Total Primitive Blocks : 7
 Total Processes        : 41
 Total Traceable Variables  : 32
 Total Scalar Nets and Variables : 498
Total Line Count : 52

 Total Simulation Time: 2.90625 sec

 Current Memory Usage: 4993.49 Meg

Sat Apr 08 15:14:46 2023

