Command line:
   TopLevel_TopLevel_sch_tb_isim_beh.exe
     -simmode  gui
     -simrunnum  0
     -socket  53741

Wed May 31 23:55:10 2023


 Elaboration Time: 0.015625 sec

 Current Memory Usage: 5150.52 Meg

 Total Signals          : 87
 Total Nets             : 119
 Total Signal Drivers   : 34
 Total Blocks           : 17
 Total Primitive Blocks : 14
 Total Processes        : 32
 Total Traceable Variables  : 21
 Total Scalar Nets and Variables : 656
Total Line Count : 81
Total Line Count : 81

 Total Simulation Time: 54.8125 sec

 Current Memory Usage: 4993.24 Meg

Wed May 31 23:56:13 2023

