Running: D:\Xilinx\14.7\ISE_DS\ISE\bin\nt64\unwrapped\fuse.exe -intstyle ise -incremental -o E:/MKS/Lab_3_Example 6/TopLevel_TopLevel_sch_tb_isim_beh.exe -prj E:/MKS/Lab_3_Example 6/TopLevel_TopLevel_sch_tb_beh.prj work.TopLevel_TopLevel_sch_tb 
ISim P.20131013 (signature 0x7708f090)
Number of CPUs detected in this system: 8
Turning on mult-threading, number of parallel sub-compilation jobs: 16 
Determining compilation order of HDL files
Parsing VHDL file "E:/MKS/Lab_3_Example 6/SEGDEC.vhd" into library work
Parsing VHDL file "E:/MKS/Lab_3_Example 6/RAM.vhd" into library work
Parsing VHDL file "E:/MKS/Lab_3_Example 6/MUX.vhd" into library work
Parsing VHDL file "E:/MKS/Lab_3_Example 6/CU.vhd" into library work
Parsing VHDL file "E:/MKS/Lab_3_Example 6/ALU.vhd" into library work
Parsing VHDL file "E:/MKS/Lab_3_Example 6/ACC.vhd" into library work
Parsing VHDL file "E:/MKS/Lab_3_Example 6/TopLevel.vhf" into library work
Parsing VHDL file "E:/MKS/Lab_3_Example 6/TestTopLevel.vhd" into library work
Starting static elaboration
Completed static elaboration
Compiling package standard
Compiling package std_logic_1164
Compiling package numeric_std
Compiling package vcomponents
Compiling package std_logic_arith
Compiling package std_logic_unsigned
Compiling architecture segdec_arch of entity SEGDEC_intf [segdec_intf_default]
Compiling architecture mux_arch of entity MUX_intf [mux_intf_default]
Compiling architecture acc_arch of entity ACC_intf [acc_intf_default]
Compiling architecture ram_arch of entity RAM_intf [ram_intf_default]
Compiling architecture behavioral of entity CB16CE_HXILINX_TopLevel [cb16ce_hxilinx_toplevel_default]
Compiling architecture alu_arch of entity ALU_intf [alu_intf_default]
Compiling architecture cu_arch of entity CU_intf [cu_intf_default]
Compiling architecture behavioral of entity TopLevel [toplevel_default]
Compiling architecture behavioral of entity toplevel_toplevel_sch_tb
Time Resolution for simulation is 1ps.
Waiting for 1 sub-compilation(s) to finish...
Compiled 23 VHDL Units
Built simulation executable E:/MKS/Lab_3_Example 6/TopLevel_TopLevel_sch_tb_isim_beh.exe
Fuse Memory Usage: 48960 KB
Fuse CPU Usage: 953 ms
